<?xml version="1.0" encoding="UTF-8"?>
<!-- Generated by org.testng.reporters.JUnitReportReporter -->
<testsuite hostname="DESKTOP-CD8JFBV" failures="0" tests="1" name="TestCase.AdminModule" time="7.876" errors="0" timestamp="2025-06-03T14:02:57 IST" skipped="0">
  <testcase classname="TestCase.AdminModule" name="admin" time="7.876"/>
  <system-out>
    <![CDATA[iam not present in my correct profile
simple]]>
  </system-out>
</testsuite> <!-- TestCase.AdminModule -->
